<?xml version="1.0" encoding="UTF-8"?>
<coverage generated="1586142513346" clover="3.2.0">
  <project timestamp="1586142513352" name="All files">
    <metrics statements="51" coveredstatements="42" conditionals="12" coveredconditionals="4" methods="14" coveredmethods="12" elements="77" coveredelements="58" complexity="0" loc="51" ncloc="51" packages="1" files="5" classes="5"/>
    <file name="Button.js" path="/Users/Project/Study/calculator-app/src/Button.js">
      <metrics statements="14" coveredstatements="5" conditionals="8" coveredconditionals="0" methods="2" coveredmethods="1"/>
      <line num="7" count="2" type="stmt"/>
      <line num="8" count="18" type="stmt"/>
      <line num="10" count="18" type="stmt"/>
      <line num="11" count="0" type="cond" truecount="0" falsecount="2"/>
      <line num="12" count="0" type="stmt"/>
      <line num="13" count="0" type="cond" truecount="0" falsecount="2"/>
      <line num="14" count="0" type="stmt"/>
      <line num="15" count="0" type="cond" truecount="0" falsecount="2"/>
      <line num="16" count="0" type="stmt"/>
      <line num="17" count="0" type="cond" truecount="0" falsecount="2"/>
      <line num="18" count="0" type="stmt"/>
      <line num="20" count="0" type="stmt"/>
      <line num="24" count="18" type="stmt"/>
      <line num="31" count="2" type="stmt"/>
    </file>
    <file name="Screen.js" path="/Users/Project/Study/calculator-app/src/Screen.js">
      <metrics statements="11" coveredstatements="11" conditionals="2" coveredconditionals="2" methods="6" coveredmethods="5"/>
      <line num="13" count="1" type="stmt"/>
      <line num="14" count="1" type="stmt"/>
      <line num="18" count="1" type="stmt"/>
      <line num="19" count="1" type="stmt"/>
      <line num="21" count="1" type="stmt"/>
      <line num="22" count="2" type="cond" truecount="2" falsecount="0"/>
      <line num="23" count="2" type="stmt"/>
      <line num="25" count="17" type="stmt"/>
      <line num="29" count="1" type="stmt"/>
      <line num="30" count="1" type="stmt"/>
      <line num="32" count="1" type="stmt"/>
    </file>
    <file name="actions.js" path="/Users/Project/Study/calculator-app/src/actions.js">
      <metrics statements="10" coveredstatements="10" conditionals="0" coveredconditionals="0" methods="5" coveredmethods="5"/>
      <line num="3" count="3" type="stmt"/>
      <line num="4" count="1" type="stmt"/>
      <line num="10" count="3" type="stmt"/>
      <line num="11" count="1" type="stmt"/>
      <line num="17" count="3" type="stmt"/>
      <line num="18" count="1" type="stmt"/>
      <line num="23" count="3" type="stmt"/>
      <line num="24" count="1" type="stmt"/>
      <line num="29" count="3" type="stmt"/>
      <line num="30" count="1" type="stmt"/>
    </file>
    <file name="constants.js" path="/Users/Project/Study/calculator-app/src/constants.js">
      <metrics statements="5" coveredstatements="5" conditionals="0" coveredconditionals="0" methods="0" coveredmethods="0"/>
      <line num="1" count="3" type="stmt"/>
      <line num="2" count="3" type="stmt"/>
      <line num="3" count="3" type="stmt"/>
      <line num="4" count="3" type="stmt"/>
      <line num="5" count="3" type="stmt"/>
    </file>
    <file name="styles.js" path="/Users/Project/Study/calculator-app/src/styles.js">
      <metrics statements="11" coveredstatements="11" conditionals="2" coveredconditionals="2" methods="1" coveredmethods="1"/>
      <line num="4" count="2" type="stmt"/>
      <line num="6" count="2" type="stmt"/>
      <line num="12" count="2" type="stmt"/>
      <line num="17" count="2" type="stmt"/>
      <line num="22" count="2" type="stmt"/>
      <line num="28" count="2" type="stmt"/>
      <line num="35" count="2" type="stmt"/>
      <line num="40" count="2" type="stmt"/>
      <line num="46" count="18" type="cond" truecount="2" falsecount="0"/>
      <line num="52" count="2" type="stmt"/>
      <line num="56" count="2" type="stmt"/>
    </file>
  </project>
</coverage>
