{"/Users/Project/Study/calculator-app/src/Button.js": {"path":"/Users/Project/Study/calculator-app/src/Button.js","statementMap":{"0":{"start":{"line":7,"column":15},"end":{"line":29,"column":1}},"1":{"start":{"line":8,"column":19},"end":{"line":8,"column":32}},"2":{"start":{"line":10,"column":18},"end":{"line":22,"column":13}},"3":{"start":{"line":11,"column":4},"end":{"line":21,"column":5}},"4":{"start":{"line":12,"column":6},"end":{"line":12,"column":33}},"5":{"start":{"line":13,"column":11},"end":{"line":21,"column":5}},"6":{"start":{"line":14,"column":6},"end":{"line":14,"column":35}},"7":{"start":{"line":15,"column":11},"end":{"line":21,"column":5}},"8":{"start":{"line":16,"column":6},"end":{"line":16,"column":26}},"9":{"start":{"line":17,"column":11},"end":{"line":21,"column":5}},"10":{"start":{"line":18,"column":6},"end":{"line":18,"column":22}},"11":{"start":{"line":20,"column":6},"end":{"line":20,"column":23}},"12":{"start":{"line":24,"column":2},"end":{"line":28,"column":4}},"13":{"start":{"line":31,"column":0},"end":{"line":34,"column":2}}},"fnMap":{"0":{"name":"(anonymous_0)","decl":{"start":{"line":7,"column":15},"end":{"line":7,"column":16}},"loc":{"start":{"line":7,"column":42},"end":{"line":29,"column":1}},"line":7},"1":{"name":"(anonymous_1)","decl":{"start":{"line":10,"column":30},"end":{"line":10,"column":31}},"loc":{"start":{"line":10,"column":36},"end":{"line":22,"column":3}},"line":10}},"branchMap":{"0":{"loc":{"start":{"line":11,"column":4},"end":{"line":21,"column":5}},"type":"if","locations":[{"start":{"line":11,"column":4},"end":{"line":21,"column":5}},{"start":{"line":11,"column":4},"end":{"line":21,"column":5}}],"line":11},"1":{"loc":{"start":{"line":13,"column":11},"end":{"line":21,"column":5}},"type":"if","locations":[{"start":{"line":13,"column":11},"end":{"line":21,"column":5}},{"start":{"line":13,"column":11},"end":{"line":21,"column":5}}],"line":13},"2":{"loc":{"start":{"line":15,"column":11},"end":{"line":21,"column":5}},"type":"if","locations":[{"start":{"line":15,"column":11},"end":{"line":21,"column":5}},{"start":{"line":15,"column":11},"end":{"line":21,"column":5}}],"line":15},"3":{"loc":{"start":{"line":17,"column":11},"end":{"line":21,"column":5}},"type":"if","locations":[{"start":{"line":17,"column":11},"end":{"line":21,"column":5}},{"start":{"line":17,"column":11},"end":{"line":21,"column":5}}],"line":17}},"s":{"0":2,"1":18,"2":18,"3":0,"4":0,"5":0,"6":0,"7":0,"8":0,"9":0,"10":0,"11":0,"12":18,"13":2},"f":{"0":18,"1":0},"b":{"0":[0,0],"1":[0,0],"2":[0,0],"3":[0,0]},"_coverageSchema":"1a1c01bbd47fc00a2c39e90264f33305004495a9","hash":"6aa45354d90df9afaa1b631b8159c221da27160c"}
,"/Users/Project/Study/calculator-app/src/Screen.js": {"path":"/Users/Project/Study/calculator-app/src/Screen.js","statementMap":{"0":{"start":{"line":13,"column":28},"end":{"line":13,"column":53}},"1":{"start":{"line":14,"column":29},"end":{"line":16,"column":13}},"2":{"start":{"line":18,"column":15},"end":{"line":43,"column":1}},"3":{"start":{"line":19,"column":16},"end":{"line":19,"column":51}},"4":{"start":{"line":19,"column":39},"end":{"line":19,"column":50}},"5":{"start":{"line":21,"column":24},"end":{"line":28,"column":8}},"6":{"start":{"line":22,"column":23},"end":{"line":22,"column":78}},"7":{"start":{"line":23,"column":4},"end":{"line":27,"column":6}},"8":{"start":{"line":25,"column":8},"end":{"line":25,"column":57}},"9":{"start":{"line":29,"column":33},"end":{"line":29,"column":72}},"10":{"start":{"line":29,"column":47},"end":{"line":29,"column":67}},"11":{"start":{"line":30,"column":32},"end":{"line":30,"column":70}},"12":{"start":{"line":30,"column":46},"end":{"line":30,"column":65}},"13":{"start":{"line":32,"column":2},"end":{"line":42,"column":4}}},"fnMap":{"0":{"name":"(anonymous_0)","decl":{"start":{"line":18,"column":15},"end":{"line":18,"column":16}},"loc":{"start":{"line":18,"column":21},"end":{"line":43,"column":1}},"line":18},"1":{"name":"(anonymous_1)","decl":{"start":{"line":19,"column":28},"end":{"line":19,"column":29}},"loc":{"start":{"line":19,"column":39},"end":{"line":19,"column":50}},"line":19},"2":{"name":"(anonymous_2)","decl":{"start":{"line":21,"column":36},"end":{"line":21,"column":37}},"loc":{"start":{"line":21,"column":52},"end":{"line":28,"column":3}},"line":21},"3":{"name":"(anonymous_3)","decl":{"start":{"line":24,"column":21},"end":{"line":24,"column":22}},"loc":{"start":{"line":25,"column":8},"end":{"line":25,"column":57}},"line":25},"4":{"name":"(anonymous_4)","decl":{"start":{"line":29,"column":41},"end":{"line":29,"column":42}},"loc":{"start":{"line":29,"column":47},"end":{"line":29,"column":67}},"line":29},"5":{"name":"(anonymous_5)","decl":{"start":{"line":30,"column":40},"end":{"line":30,"column":41}},"loc":{"start":{"line":30,"column":46},"end":{"line":30,"column":65}},"line":30}},"branchMap":{"0":{"loc":{"start":{"line":22,"column":23},"end":{"line":22,"column":78}},"type":"cond-expr","locations":[{"start":{"line":22,"column":36},"end":{"line":22,"column":55}},{"start":{"line":22,"column":58},"end":{"line":22,"column":78}}],"line":22}},"s":{"0":1,"1":1,"2":1,"3":1,"4":0,"5":1,"6":2,"7":2,"8":17,"9":1,"10":1,"11":1,"12":1,"13":1},"f":{"0":1,"1":0,"2":2,"3":17,"4":1,"5":1},"b":{"0":[1,1]},"_coverageSchema":"1a1c01bbd47fc00a2c39e90264f33305004495a9","hash":"df9af527ed379c54ab3584431d9191be1c7db82f"}
,"/Users/Project/Study/calculator-app/src/actions.js": {"path":"/Users/Project/Study/calculator-app/src/actions.js","statementMap":{"0":{"start":{"line":3,"column":25},"end":{"line":8,"column":1}},"1":{"start":{"line":4,"column":2},"end":{"line":7,"column":5}},"2":{"start":{"line":10,"column":27},"end":{"line":15,"column":1}},"3":{"start":{"line":11,"column":2},"end":{"line":14,"column":5}},"4":{"start":{"line":17,"column":22},"end":{"line":21,"column":1}},"5":{"start":{"line":18,"column":2},"end":{"line":20,"column":5}},"6":{"start":{"line":23,"column":21},"end":{"line":27,"column":1}},"7":{"start":{"line":24,"column":2},"end":{"line":26,"column":5}},"8":{"start":{"line":29,"column":25},"end":{"line":33,"column":1}},"9":{"start":{"line":30,"column":2},"end":{"line":32,"column":5}}},"fnMap":{"0":{"name":"(anonymous_0)","decl":{"start":{"line":3,"column":25},"end":{"line":3,"column":26}},"loc":{"start":{"line":3,"column":46},"end":{"line":8,"column":1}},"line":3},"1":{"name":"(anonymous_1)","decl":{"start":{"line":10,"column":27},"end":{"line":10,"column":28}},"loc":{"start":{"line":10,"column":48},"end":{"line":15,"column":1}},"line":10},"2":{"name":"(anonymous_2)","decl":{"start":{"line":17,"column":22},"end":{"line":17,"column":23}},"loc":{"start":{"line":17,"column":36},"end":{"line":21,"column":1}},"line":17},"3":{"name":"(anonymous_3)","decl":{"start":{"line":23,"column":21},"end":{"line":23,"column":22}},"loc":{"start":{"line":23,"column":35},"end":{"line":27,"column":1}},"line":23},"4":{"name":"(anonymous_4)","decl":{"start":{"line":29,"column":25},"end":{"line":29,"column":26}},"loc":{"start":{"line":29,"column":39},"end":{"line":33,"column":1}},"line":29}},"branchMap":{},"s":{"0":3,"1":1,"2":3,"3":1,"4":3,"5":1,"6":3,"7":1,"8":3,"9":1},"f":{"0":1,"1":1,"2":1,"3":1,"4":1},"b":{},"_coverageSchema":"1a1c01bbd47fc00a2c39e90264f33305004495a9","hash":"ab52ce79e22137f07e83cb6fde3326aabcc4ef09"}
,"/Users/Project/Study/calculator-app/src/constants.js": {"path":"/Users/Project/Study/calculator-app/src/constants.js","statementMap":{"0":{"start":{"line":1,"column":23},"end":{"line":1,"column":35}},"1":{"start":{"line":2,"column":28},"end":{"line":2,"column":42}},"2":{"start":{"line":3,"column":23},"end":{"line":3,"column":32}},"3":{"start":{"line":4,"column":26},"end":{"line":4,"column":38}},"4":{"start":{"line":5,"column":21},"end":{"line":5,"column":28}}},"fnMap":{},"branchMap":{},"s":{"0":3,"1":3,"2":3,"3":3,"4":3},"f":{},"b":{},"_coverageSchema":"1a1c01bbd47fc00a2c39e90264f33305004495a9","hash":"18beb3d7a88156f424627e7b6c105096c148cb7a"}
,"/Users/Project/Study/calculator-app/src/styles.js": {"path":"/Users/Project/Study/calculator-app/src/styles.js","statementMap":{"0":{"start":{"line":4,"column":16},"end":{"line":4,"column":17}},"1":{"start":{"line":6,"column":24},"end":{"line":10,"column":1}},"2":{"start":{"line":12,"column":26},"end":{"line":15,"column":1}},"3":{"start":{"line":17,"column":27},"end":{"line":20,"column":1}},"4":{"start":{"line":22,"column":28},"end":{"line":26,"column":1}},"5":{"start":{"line":28,"column":29},"end":{"line":33,"column":1}},"6":{"start":{"line":35,"column":26},"end":{"line":38,"column":1}},"7":{"start":{"line":40,"column":28},"end":{"line":50,"column":1}},"8":{"start":{"line":46,"column":28},"end":{"line":46,"column":55}},"9":{"start":{"line":52,"column":26},"end":{"line":54,"column":1}},"10":{"start":{"line":56,"column":26},"end":{"line":60,"column":1}}},"fnMap":{"0":{"name":"(anonymous_0)","decl":{"start":{"line":46,"column":16},"end":{"line":46,"column":17}},"loc":{"start":{"line":46,"column":28},"end":{"line":46,"column":55}},"line":46}},"branchMap":{"0":{"loc":{"start":{"line":46,"column":28},"end":{"line":46,"column":55}},"type":"cond-expr","locations":[{"start":{"line":46,"column":47},"end":{"line":46,"column":50}},{"start":{"line":46,"column":53},"end":{"line":46,"column":55}}],"line":46}},"s":{"0":2,"1":2,"2":2,"3":2,"4":2,"5":2,"6":2,"7":2,"8":18,"9":2,"10":2},"f":{"0":18},"b":{"0":[5,13]},"_coverageSchema":"1a1c01bbd47fc00a2c39e90264f33305004495a9","hash":"2b2dcf65cc19e9d99444cbd10939e5c3f7d44020"}
}
